\BOOKMARK [0][-]{chapter*.2}{Preface}{}% 1
\BOOKMARK [0][-]{chapter.1}{Introduction to Laser Spectroscopy}{}% 2
\BOOKMARK [1][-]{section.1.1}{Spectroscopy Intro}{chapter.1}% 3
\BOOKMARK [1][-]{section.1.2}{Introduction to Lasers and Optics}{chapter.1}% 4
\BOOKMARK [1][-]{section.1.3}{Programming}{chapter.1}% 5
\BOOKMARK [1][-]{section.1.4}{Basic Direct Absorption Spectrosopy Setup}{chapter.1}% 6
\BOOKMARK [1][-]{section.1.5}{Advance Techniques}{chapter.1}% 7
\BOOKMARK [0][-]{chapter.2}{Fundamentals of Spectroscopy}{}% 8
\BOOKMARK [1][-]{section.2.1}{Infrared and Microwave Spectroscopy}{chapter.2}% 9
\BOOKMARK [1][-]{section.2.2}{Rovibrational Spectrocopy}{chapter.2}% 10
\BOOKMARK [2][-]{subsection.2.2.1}{Rotational Spectroscopy}{section.2.2}% 11
\BOOKMARK [2][-]{subsection.2.2.2}{Center of Mass Frame}{section.2.2}% 12
\BOOKMARK [2][-]{subsection.2.2.3}{Angular Momentum and Velocity}{section.2.2}% 13
\BOOKMARK [2][-]{subsection.2.2.4}{Inertia Tensor}{section.2.2}% 14
\BOOKMARK [2][-]{subsection.2.2.5}{Rotational Energy}{section.2.2}% 15
\BOOKMARK [3][-]{subsubsection.2.2.5.1}{Eigen Values and Ladder Operations}{subsection.2.2.5}% 16
\BOOKMARK [2][-]{subsection.2.2.6}{Angular Momentum Quantum Numbers}{section.2.2}% 17
\BOOKMARK [2][-]{subsection.2.2.7}{Peterbation Theory}{section.2.2}% 18
\BOOKMARK [2][-]{subsection.2.2.8}{Selection Rules}{section.2.2}% 19
\BOOKMARK [2][-]{subsection.2.2.9}{Group Representation}{section.2.2}% 20
\BOOKMARK [2][-]{subsection.2.2.10}{Rotational Transitions}{section.2.2}% 21
\BOOKMARK [2][-]{subsection.2.2.11}{Statistical Distribution}{section.2.2}% 22
\BOOKMARK [2][-]{subsection.2.2.12}{Molecular Spinning Tops}{section.2.2}% 23
\BOOKMARK [0][-]{chapter.3}{Optics}{}% 24
\BOOKMARK [1][-]{section.3.1}{Gaussian Beam}{chapter.3}% 25
\BOOKMARK [2][-]{subsection.3.1.1}{Gaussian Modes and Guoy Phase}{section.3.1}% 26
\BOOKMARK [2][-]{subsection.3.1.2}{Polarization}{section.3.1}% 27
\BOOKMARK [2][-]{subsection.3.1.3}{The K vector}{section.3.1}% 28
\BOOKMARK [2][-]{subsection.3.1.4}{Complex Electric Field and Intensity}{section.3.1}% 29
\BOOKMARK [2][-]{subsection.3.1.5}{Divergence and Spread}{section.3.1}% 30
\BOOKMARK [2][-]{subsection.3.1.6}{Wavefront and Curvature}{section.3.1}% 31
\BOOKMARK [1][-]{section.3.2}{Thin Lens and Spherical Mirrors}{chapter.3}% 32
\BOOKMARK [2][-]{subsection.3.2.1}{Double Lens System}{section.3.2}% 33
\BOOKMARK [1][-]{section.3.3}{Optical Cavity and Resonance Properties}{chapter.3}% 34
\BOOKMARK [2][-]{subsection.3.3.1}{Input Beam and Cavity Coupling}{section.3.3}% 35
\BOOKMARK [1][-]{section.3.4}{Cavity Alignment}{chapter.3}% 36
\BOOKMARK [2][-]{subsection.3.4.1}{Resonance Stability}{section.3.4}% 37
\BOOKMARK [2][-]{subsection.3.4.2}{Beam Displacement and Mode Matching}{section.3.4}% 38
\BOOKMARK [0][-]{chapter.4}{Laser Absorption Spectroscopy}{}% 39
\BOOKMARK [1][-]{section.4.1}{Direct Absorption Spectroscopy}{chapter.4}% 40
\BOOKMARK [1][-]{section.4.2}{Cavity Enhanced Absorption Spectroscopy}{chapter.4}% 41
\BOOKMARK [1][-]{section.4.3}{Frequency Modulation Spectroscopy}{chapter.4}% 42
\BOOKMARK [1][-]{section.4.4}{NICE-OHMS}{chapter.4}% 43
\BOOKMARK [0][-]{chapter.5}{Absorption and Dispersion}{}% 44
\BOOKMARK [1][-]{section.5.1}{Factors in Intensity}{chapter.5}% 45
\BOOKMARK [1][-]{section.5.2}{Factors in Resolution}{chapter.5}% 46
\BOOKMARK [2][-]{subsection.5.2.1}{Coherent Excitation}{section.5.2}% 47
\BOOKMARK [2][-]{subsection.5.2.2}{Lifetime}{section.5.2}% 48
\BOOKMARK [2][-]{subsection.5.2.3}{Distributions}{section.5.2}% 49
\BOOKMARK [2][-]{subsection.5.2.4}{Natural Linewidth}{section.5.2}% 50
\BOOKMARK [2][-]{subsection.5.2.5}{Doppler Broadening}{section.5.2}% 51
\BOOKMARK [2][-]{subsection.5.2.6}{Pressure Broadening}{section.5.2}% 52
\BOOKMARK [2][-]{subsection.5.2.7}{Transit-Team Broadening}{section.5.2}% 53
\BOOKMARK [2][-]{subsection.5.2.8}{Saturation and Power Broadening}{section.5.2}% 54
\BOOKMARK [0][-]{chapter.6}{Frequency Comb}{}% 55
\BOOKMARK [0][-]{chapter.7}{Theoretical Techniques}{}% 56
\BOOKMARK [1][-]{section.7.1}{Vectors and Dual Vectors}{chapter.7}% 57
\BOOKMARK [2][-]{subsection.7.1.1}{Vector Notation}{section.7.1}% 58
\BOOKMARK [2][-]{subsection.7.1.2}{Dual Vectors}{section.7.1}% 59
\BOOKMARK [1][-]{section.7.2}{Coordinate System}{chapter.7}% 60
\BOOKMARK [1][-]{section.7.3}{Einstein Notation}{chapter.7}% 61
\BOOKMARK [1][-]{section.7.4}{Probability in Quantum Mech.}{chapter.7}% 62
\BOOKMARK [2][-]{subsection.7.4.1}{Expectation Value}{section.7.4}% 63
\BOOKMARK [1][-]{section.7.5}{Solution Space}{chapter.7}% 64
\BOOKMARK [1][-]{section.7.6}{Tensors Products}{chapter.7}% 65
\BOOKMARK [1][-]{section.7.7}{Expectation Value and Variance}{chapter.7}% 66
\BOOKMARK [1][-]{section.7.8}{Distributions}{chapter.7}% 67
\BOOKMARK [2][-]{subsection.7.8.1}{Boltzmann Distribution}{section.7.8}% 68
\BOOKMARK [2][-]{subsection.7.8.2}{Gaussian Distribution}{section.7.8}% 69
\BOOKMARK [2][-]{subsection.7.8.3}{Lorentian Distribution}{section.7.8}% 70
\BOOKMARK [2][-]{subsection.7.8.4}{Delta "Distribution"}{section.7.8}% 71
\BOOKMARK [2][-]{subsection.7.8.5}{Exponential Distribution}{section.7.8}% 72
\BOOKMARK [2][-]{subsection.7.8.6}{Binomial Distribution}{section.7.8}% 73
\BOOKMARK [2][-]{subsection.7.8.7}{Poisson Distribution}{section.7.8}% 74
\BOOKMARK [2][-]{subsection.7.8.8}{Geometric Distribution}{section.7.8}% 75
\BOOKMARK [1][-]{section.7.9}{Probabilistic Convolutions}{chapter.7}% 76
\BOOKMARK [1][-]{section.7.10}{Fourier Analysis}{chapter.7}% 77
\BOOKMARK [2][-]{subsection.7.10.1}{Fourier Space}{section.7.10}% 78
\BOOKMARK [1][-]{section.7.11}{Group velocity, Beat frequency and other related phase stuff}{chapter.7}% 79
\BOOKMARK [1][-]{section.7.12}{Permutation}{chapter.7}% 80
\BOOKMARK [0][-]{chapter.8}{Experimental Techniques}{}% 81
\BOOKMARK [1][-]{section.8.1}{Modulation and Heterodyne Principle}{chapter.8}% 82
\BOOKMARK [2][-]{subsection.8.1.1}{Modulation}{section.8.1}% 83
\BOOKMARK [2][-]{subsection.8.1.2}{Demodulation by Heterodyne Principle}{section.8.1}% 84
\BOOKMARK [1][-]{section.8.2}{Feed Back Control Theory}{chapter.8}% 85
\BOOKMARK [1][-]{section.8.3}{Pound Drever Hall Locking Technique}{chapter.8}% 86
\BOOKMARK [2][-]{subsection.8.3.1}{PI controller}{section.8.3}% 87
\BOOKMARK [1][-]{section.8.4}{Lock in Amplification}{chapter.8}% 88
\BOOKMARK [0][-]{chapter.9}{Experimental Setup}{}% 89
\BOOKMARK [1][-]{section.9.1}{Optical Setup}{chapter.9}% 90
\BOOKMARK [2][-]{subsection.9.1.1}{Laser Power}{section.9.1}% 91
\BOOKMARK [2][-]{subsection.9.1.2}{Cavity Setup}{section.9.1}% 92
\BOOKMARK [1][-]{section.9.2}{Programs Used}{chapter.9}% 93
\BOOKMARK [2][-]{subsection.9.2.1}{Labview}{section.9.2}% 94
\BOOKMARK [2][-]{subsection.9.2.2}{Bristol Wavemeter}{section.9.2}% 95
\BOOKMARK [2][-]{subsection.9.2.3}{IGOR: Data Processing}{section.9.2}% 96
\BOOKMARK [2][-]{subsection.9.2.4}{Python}{section.9.2}% 97
\BOOKMARK [0][-]{chapter.10}{Laser Alignment Tutorial}{}% 98
\BOOKMARK [1][-]{section.10.1}{Aligning the IR Cavity}{chapter.10}% 99
\BOOKMARK [2][-]{subsection.10.1.1}{Alignment of 1m Vacuumed Chamber Cavity}{section.10.1}% 100
\BOOKMARK [2][-]{subsection.10.1.2}{Mode Labelling}{section.10.1}% 101
